2021.01.04 14:51:12 INFO  Started: Metals version 0.9.8 in workspace '/Users/rexardiente/Development/Github/scalauthx' for client vscode.
2021.01.04 14:51:14 INFO  time: initialize in 1.82s
2021.01.04 14:51:15 WARN  Build server is not auto-connectable.
2021.01.04 14:51:15 WARN  Unsupported sbt version 0.13.13
2021.01.04 14:51:24 WARN  no build target for: /Users/rexardiente/Development/Github/scalauthx/build.sbt
2021.01.04 14:51:28 INFO  no build target: using presentation compiler with only scala-library
Jan 04, 2021 2:51:28 PM org.eclipse.lsp4j.jsonrpc.RemoteEndpoint handleCancellation
WARNING: Unmatched cancel notification for request id 7
2021.01.04 14:51:28 WARN  code navigation does not work for the file '/Users/rexardiente/Development/Github/scalauthx/build.sbt' because it doesn't belong to a build target.
2021.01.04 14:51:32 WARN  code navigation does not work for the file '/Users/rexardiente/Development/Github/scalauthx/build.sbt' because it doesn't belong to a build target.
2021.01.04 14:51:32 WARN  no build target for: /Users/rexardiente/Development/Github/scalauthx/build.sbt
2021.01.04 14:51:32 WARN  Unsupported sbt version 0.13.13
2021.01.04 14:59:31 WARN  no build target for: /Users/rexardiente/Development/Github/scalauthx/src/main/scala/ejisan/scalauthx/Role.scala
2021.01.04 14:59:34 WARN  no build target for: /Users/rexardiente/Development/Github/scalauthx/src/main/scala/ejisan/scalauthx/Subject.scala
something's wrong: no file:///Users/rexardiente/Development/Github/scalauthx/src/main/scala/ejisan/scalauthx/Subject.scala in ejisan.scalauthx.SubjectLike[I]RangePosition(file:///Users/rexardiente/Development/Github/scalauthx/src/main/scala/ejisan/scalauthx/Subject.scala, 1089, 1089, 1103)
something's wrong: no file:///Users/rexardiente/Development/Github/scalauthx/src/main/scala/ejisan/scalauthx/Subject.scala in ejisan.scalauthx.SubjectLike[I]RangePosition(file:///Users/rexardiente/Development/Github/scalauthx/src/main/scala/ejisan/scalauthx/Subject.scala, 1089, 1089, 1103)
something's wrong: no file:///Users/rexardiente/Development/Github/scalauthx/src/main/scala/ejisan/scalauthx/Subject.scala in ejisan.scalauthx.SubjectLike[I]RangePosition(file:///Users/rexardiente/Development/Github/scalauthx/src/main/scala/ejisan/scalauthx/Subject.scala, 1089, 1089, 1103)
2021.01.04 15:00:42 WARN  code navigation does not work for the file '/Users/rexardiente/Development/Github/scalauthx/src/main/scala/ejisan/scalauthx/Subject.scala' because it doesn't belong to a build target.
2021.01.04 15:15:59 WARN  code navigation does not work for the file '/Users/rexardiente/Development/Github/scalauthx/build.sbt' because it doesn't belong to a build target.
2021.01.04 15:16:04 WARN  no build target for: /Users/rexardiente/Development/Github/scalauthx/build.sbt
2021.01.04 15:16:04 WARN  Unsupported sbt version 0.13.13
2021.01.04 15:16:08 WARN  no build target for: /Users/rexardiente/Development/Github/scalauthx/build.sbt
2021.01.04 15:16:08 WARN  Unsupported sbt version 0.13.13
2021.01.04 15:16:43 WARN  no build target for: /Users/rexardiente/Development/Github/scalauthx/src/main/scala/ejisan/scalauthx/HashedCredential.scala
2021.01.04 15:17:20 WARN  code navigation does not work for the file '/Users/rexardiente/Development/Github/scalauthx/build.sbt' because it doesn't belong to a build target.
2021.01.04 15:17:20 WARN  code navigation does not work for the file '/Users/rexardiente/Development/Github/scalauthx/build.sbt' because it doesn't belong to a build target.
2021.01.04 15:17:20 WARN  code navigation does not work for the file '/Users/rexardiente/Development/Github/scalauthx/build.sbt' because it doesn't belong to a build target.
2021.01.04 15:17:20 WARN  code navigation does not work for the file '/Users/rexardiente/Development/Github/scalauthx/build.sbt' because it doesn't belong to a build target.
2021.01.04 15:17:21 WARN  code navigation does not work for the file '/Users/rexardiente/Development/Github/scalauthx/build.sbt' because it doesn't belong to a build target.
2021.01.04 15:17:21 WARN  code navigation does not work for the file '/Users/rexardiente/Development/Github/scalauthx/build.sbt' because it doesn't belong to a build target.
2021.01.04 15:17:21 WARN  code navigation does not work for the file '/Users/rexardiente/Development/Github/scalauthx/build.sbt' because it doesn't belong to a build target.
2021.01.04 15:17:21 WARN  code navigation does not work for the file '/Users/rexardiente/Development/Github/scalauthx/build.sbt' because it doesn't belong to a build target.
2021.01.04 15:17:21 WARN  code navigation does not work for the file '/Users/rexardiente/Development/Github/scalauthx/build.sbt' because it doesn't belong to a build target.
2021.01.04 15:17:22 WARN  code navigation does not work for the file '/Users/rexardiente/Development/Github/scalauthx/build.sbt' because it doesn't belong to a build target.
2021.01.04 15:17:23 WARN  no build target for: /Users/rexardiente/Development/Github/scalauthx/build.sbt
2021.01.04 15:17:23 WARN  Unsupported sbt version 0.13.13
2021.01.04 15:17:32 WARN  no build target for: /Users/rexardiente/Development/Github/scalauthx/src/main/scala/ejisan/scalauthx/HashedCredentialFactory.scala
2021.01.04 15:17:55 WARN  no build target for: /Users/rexardiente/Development/Github/scalauthx/src/main/scala/ejisan/scalauthx/HashedCredentialFactorySet.scala
Jan 04, 2021 3:18:43 PM org.eclipse.lsp4j.jsonrpc.RemoteEndpoint handleCancellation
WARNING: Unmatched cancel notification for request id 258
Jan 04, 2021 3:18:49 PM org.eclipse.lsp4j.jsonrpc.RemoteEndpoint handleCancellation
WARNING: Unmatched cancel notification for request id 290
Jan 04, 2021 3:18:56 PM org.eclipse.lsp4j.jsonrpc.RemoteEndpoint handleCancellation
WARNING: Unmatched cancel notification for request id 333
something's wrong: no file:///Users/rexardiente/Development/Github/scalauthx/src/main/scala/ejisan/scalauthx/HashedCredentialFactorySet.scala in scala.collection.Set[<error>]RangePosition(file:///Users/rexardiente/Development/Github/scalauthx/src/main/scala/ejisan/scalauthx/HashedCredentialFactorySet.scala, 600, 617, 630)
2021.01.04 15:20:37 WARN  no build target for: /Users/rexardiente/Development/Github/scalauthx/src/main/scala/ejisan/scalauthx/HashedCredentialFactorySet.scala
2021.01.04 15:21:10 WARN  no build target for: /Users/rexardiente/Development/Github/scalauthx/build.sbt
2021.01.04 15:21:13 WARN  code navigation does not work for the file '/Users/rexardiente/Development/Github/scalauthx/build.sbt' because it doesn't belong to a build target.
2021.01.04 15:21:13 WARN  code navigation does not work for the file '/Users/rexardiente/Development/Github/scalauthx/build.sbt' because it doesn't belong to a build target.
2021.01.04 15:21:22 WARN  no build target for: /Users/rexardiente/Development/Github/scalauthx/build.sbt
2021.01.04 15:22:28 WARN  no build target for: /Users/rexardiente/Development/Github/scalauthx/build.sbt
2021.01.04 15:22:28 INFO  skipping build import with status 'Dismissed'
2021.01.04 15:22:34 WARN  no build target for: /Users/rexardiente/Development/Github/scalauthx/build.sbt
2021.01.04 15:22:34 INFO  skipping build import with status 'Dismissed'
2021.01.04 15:24:35 WARN  no build target for: /Users/rexardiente/Development/Github/scalauthx/src/main/scala/ejisan/scalauthx/HashedCredential.scala
2021.01.04 15:24:47 WARN  code navigation does not work for the file '/Users/rexardiente/Development/Github/scalauthx/src/main/scala/ejisan/scalauthx/HashedCredential.scala' because it doesn't belong to a build target.
2021.01.04 15:24:47 WARN  code navigation does not work for the file '/Users/rexardiente/Development/Github/scalauthx/src/main/scala/ejisan/scalauthx/HashedCredential.scala' because it doesn't belong to a build target.
2021.01.04 15:24:47 WARN  code navigation does not work for the file '/Users/rexardiente/Development/Github/scalauthx/src/main/scala/ejisan/scalauthx/HashedCredential.scala' because it doesn't belong to a build target.
2021.01.04 15:24:57 WARN  no build target for: /Users/rexardiente/Development/Github/scalauthx/src/main/scala/ejisan/scalauthx/HashedCredential.scala
2021.01.04 15:25:17 WARN  no build target for: /Users/rexardiente/Development/Github/scalauthx/src/main/scala/ejisan/scalauthx/HashedCredential.scala
2021.01.04 17:43:17 WARN  code navigation does not work for the file '/Users/rexardiente/Development/Github/scalauthx/src/main/scala/ejisan/scalauthx/HashedCredential.scala' because it doesn't belong to a build target.
2021.01.07 01:00:05 WARN  code navigation does not work for the file '/Users/rexardiente/Development/Github/scalauthx/src/main/scala/ejisan/scalauthx/HashedCredential.scala' because it doesn't belong to a build target.
Jan 07, 2021 1:00:05 AM org.eclipse.lsp4j.jsonrpc.RemoteEndpoint handleCancellation
WARNING: Unmatched cancel notification for request id 913
